#
# There is insufficient memory for the Java Runtime Environment to continue.
# Native memory allocation (malloc) failed to allocate 1048576 bytes for AllocateHeap
# Possible reasons:
#   The system is out of physical RAM or swap space
#   In 32 bit mode, the process size limit was hit
# Possible solutions:
#   Reduce memory load on the system
#   Increase physical memory or swap space
#   Check if swap backing store is full
#   Use 64 bit Java on a 64 bit OS
#   Decrease Java heap size (-Xmx/-Xms)
#   Decrease number of Java threads
#   Decrease Java thread stack sizes (-Xss)
#   Set larger code cache with -XX:ReservedCodeCacheSize=
# This output file may be truncated or incomplete.
#
#  Out of Memory Error (memory/allocation.inline.hpp:61), pid=1056, tid=0x0000000000003ae0
#
# JRE version:  (8.0_112-b06) (build )
# Java VM: OpenJDK 64-Bit Server VM (25.112-b06 mixed mode windows-amd64 compressed oops)
# Failed to write core dump. Minidumps are not enabled by default on client versions of Windows
#

---------------  T H R E A D  ---------------

Current thread (0x000000000245e800):  JavaThread "Unknown thread" [_thread_in_vm, id=15072, stack(0x0000000002340000,0x0000000002440000)]

Stack: [0x0000000002340000,0x0000000002440000]
[error occurred during error reporting (printing stack bounds), id 0xc0000005]

Native frames: (J=compiled Java code, j=interpreted, Vv=VM code, C=native code)


---------------  P R O C E S S  ---------------

Java Threads: ( => current thread )

Other Threads:

=>0x000000000245e800 (exited) JavaThread "Unknown thread" [_thread_in_vm, id=15072, stack(0x0000000002340000,0x0000000002440000)]

VM state:not at safepoint (normal execution)

VM Mutex/Monitor currently owned by a thread: None

Heap:
 PSYoungGen      total 38400K, used 665K [0x00000000d5f80000, 0x00000000d8a00000, 0x0000000100000000)
  eden space 33280K, 2% used [0x00000000d5f80000,0x00000000d6026670,0x00000000d8000000)
  from space 5120K, 0% used [0x00000000d8500000,0x00000000d8500000,0x00000000d8a00000)
  to   space 5120K, 0% used [0x00000000d8000000,0x00000000d8000000,0x00000000d8500000)
 ParOldGen       total 87552K, used 0K [0x0000000081e00000, 0x0000000087380000, 0x00000000d5f80000)
  object space 87552K, 0% used [0x0000000081e00000,0x0000000081e00000,0x0000000087380000)
 Metaspace       used 772K, capacity 4480K, committed 4480K, reserved 1056768K
  class space    used 73K, capacity 384K, committed 384K, reserved 1048576K

Card table byte_map: [0x0000000011920000,0x0000000011d20000] byte_map_base: 0x0000000011511000

Marking Bits: (ParMarkBitMap*) 0x0000000061f418f0
 Begin Bits: [0x00000000123d0000, 0x0000000014358000)
 End Bits:   [0x0000000014358000, 0x00000000162e0000)

Polling page: 0x0000000000ae0000

CodeCache: size=245760Kb used=328Kb max_used=328Kb free=245431Kb
 bounds [0x0000000002560000, 0x00000000027d0000, 0x0000000011560000]
 total_blobs=57 nmethods=0 adapters=38
 compilation: enabled

Compilation events (0 events):
No events

GC Heap History (0 events):
No events

Deoptimization events (0 events):
No events

Internal exceptions (0 events):
No events

Events (10 events):
Event: 0.093 loading class java/lang/Short
Event: 0.094 loading class java/lang/Short done
Event: 0.094 loading class java/lang/Integer
Event: 0.094 loading class java/lang/Integer done
Event: 0.094 loading class java/lang/Long
Event: 0.094 loading class java/lang/Long done
Event: 0.096 loading class java/lang/NullPointerException
Event: 0.097 loading class java/lang/NullPointerException done
Event: 0.097 loading class java/lang/ArithmeticException
Event: 0.097 loading class java/lang/ArithmeticException done


Dynamic libraries:
0x00007ff72fb30000 - 0x00007ff72fb61000 	C:\Program Files\Android\Android Studio1\jre\bin\java.exe
0x00007ff91d350000 - 0x00007ff91d521000 	C:\WINDOWS\SYSTEM32\ntdll.dll
0x00007ff91d180000 - 0x00007ff91d22b000 	C:\WINDOWS\System32\KERNEL32.DLL
0x00007ff91a3b0000 - 0x00007ff91a5cd000 	C:\WINDOWS\System32\KERNELBASE.dll
0x00007ff91a980000 - 0x00007ff91aa22000 	C:\WINDOWS\System32\ADVAPI32.dll
0x00007ff91cb80000 - 0x00007ff91cc1e000 	C:\WINDOWS\System32\msvcrt.dll
0x00007ff91cab0000 - 0x00007ff91cb09000 	C:\WINDOWS\System32\sechost.dll
0x00007ff91d050000 - 0x00007ff91d171000 	C:\WINDOWS\System32\RPCRT4.dll
0x00007ff91ab30000 - 0x00007ff91ac95000 	C:\WINDOWS\System32\USER32.dll
0x00007ff91a760000 - 0x00007ff91a77e000 	C:\WINDOWS\System32\win32u.dll
0x00007ff91a940000 - 0x00007ff91a974000 	C:\WINDOWS\System32\GDI32.dll
0x00007ff91a5d0000 - 0x00007ff91a752000 	C:\WINDOWS\System32\gdi32full.dll
0x00007ff90fcd0000 - 0x00007ff90ff4a000 	C:\WINDOWS\WinSxS\amd64_microsoft.windows.common-controls_6595b64144ccf1df_6.0.14393.953_none_42151e83c686086b\COMCTL32.dll
0x00007ff91cc20000 - 0x00007ff91cee8000 	C:\WINDOWS\System32\combase.dll
0x00007ff91a0e0000 - 0x00007ff91a1d5000 	C:\WINDOWS\System32\ucrtbase.dll
0x00007ff919f70000 - 0x00007ff919fda000 	C:\WINDOWS\System32\bcryptPrimitives.dll
0x00007ff91b510000 - 0x00007ff91b53e000 	C:\WINDOWS\System32\IMM32.DLL
0x00000000616a0000 - 0x0000000061772000 	C:\Program Files\Android\Android Studio1\jre\jre\bin\msvcr100.dll
0x0000000061780000 - 0x0000000061fbc000 	C:\Program Files\Android\Android Studio1\jre\jre\bin\server\jvm.dll
0x00007ff91d290000 - 0x00007ff91d298000 	C:\WINDOWS\System32\PSAPI.DLL
0x00007ff90e430000 - 0x00007ff90e43a000 	C:\WINDOWS\SYSTEM32\VERSION.dll
0x00007ff917a40000 - 0x00007ff917a63000 	C:\WINDOWS\SYSTEM32\WINMM.dll
0x00007ff916510000 - 0x00007ff916519000 	C:\WINDOWS\SYSTEM32\WSOCK32.dll
0x00007ff91cb10000 - 0x00007ff91cb7a000 	C:\WINDOWS\System32\WS2_32.dll
0x00007ff917a10000 - 0x00007ff917a3b000 	C:\WINDOWS\SYSTEM32\WINMMBASE.dll
0x00007ff919840000 - 0x00007ff919882000 	C:\WINDOWS\System32\cfgmgr32.dll
0x00007ff917a90000 - 0x00007ff917a9f000 	C:\Program Files\Android\Android Studio1\jre\jre\bin\verify.dll
0x00007ff911c80000 - 0x00007ff911ca9000 	C:\Program Files\Android\Android Studio1\jre\jre\bin\java.dll
0x00007ff911c60000 - 0x00007ff911c76000 	C:\Program Files\Android\Android Studio1\jre\jre\bin\zip.dll

VM Arguments:
jvm_args: -Djava.awt.headless=true -Dfile.encoding=windows-1252 -Duser.country=US -Duser.language=en -Duser.variant 
java_command: com.android.multidex.ClassReferenceListBuilder F:\AndroidProject\PosApp\app\build\intermediates\multi-dex\debug\componentClasses.jar F:\AndroidProject\PosApp\app\build\intermediates\transforms\jarMerging\debug\jars\1\1f\combined.jar
java_class_path (initial): F:\PAM\sdk\build-tools\25.0.0\lib\dx.jar
Launcher Type: SUN_STANDARD

Environment Variables:
USERNAME=DedeEko
OS=Windows_NT
PROCESSOR_IDENTIFIER=Intel64 Family 6 Model 58 Stepping 9, GenuineIntel



---------------  S Y S T E M  ---------------

OS: Windows 10.0 , 64 bit Build 14393 (10.0.14393.0)

CPU:total 4 (2 cores per cpu, 2 threads per core) family 6 model 58 stepping 9, cmov, cx8, fxsr, mmx, sse, sse2, sse3, ssse3, sse4.1, sse4.2, popcnt, avx, clmul, erms, ht, tsc, tscinvbit, tscinv

Memory: 4k page, physical 8264500k(1356280k free), swap 10214196k(5532k free)

vm_info: OpenJDK 64-Bit Server VM (25.112-b06) for windows-amd64 JRE (1.8.0_112-release-b06), built on Dec  8 2016 00:54:26 by "builder" with MS VC++ 10.0 (VS2010)

time: Mon Apr 24 09:06:13 2017
elapsed time: 0 seconds (0d 0h 0m 0s)

